<?xml version="1.0" encoding="UTF-8"?>
<!-- Generated by org.testng.reporters.JUnitXMLReporter -->
<testsuite hostname="DESKTOP-68J3LRG" name="AddcustomerTest" tests="4" failures="0" timestamp="22 Jun 2020 10:36:16 GMT" time="39.191" errors="0">
  <testcase name="addCustomerTest" time="9.8" classname="com.capg.testcases.AddCustomerTest"/>
  <testcase name="addCustomerTest" time="9.625" classname="com.capg.testcases.AddCustomerTest"/>
  <testcase name="addCustomerTest" time="9.823" classname="com.capg.testcases.AddCustomerTest"/>
  <testcase name="addCustomerTest" time="9.699" classname="com.capg.testcases.AddCustomerTest"/>
</testsuite> <!-- AddcustomerTest -->
