<?xml version="1.0" encoding="UTF-8"?>
<!-- Generated by org.testng.reporters.JUnitXMLReporter -->
<testsuite hostname="DESKTOP-68J3LRG" ignored="0" name="AddcustomerTest" tests="4" failures="0" timestamp="22 Jun 2020 11:29:11 GMT" time="37.679" errors="0">
  <testcase name="addCustomerTest" time="9.558" classname="com.capg.testcases.AddCustomerTest"/>
  <testcase name="addCustomerTest" time="9.331" classname="com.capg.testcases.AddCustomerTest"/>
  <testcase name="addCustomerTest" time="9.297" classname="com.capg.testcases.AddCustomerTest"/>
  <testcase name="addCustomerTest" time="9.32" classname="com.capg.testcases.AddCustomerTest"/>
</testsuite> <!-- AddcustomerTest -->
