<?xml version="1.0" encoding="UTF-8"?>
<!-- Generated by org.testng.reporters.JUnitXMLReporter -->
<testsuite hostname="DESKTOP-68J3LRG" ignored="0" name="AddcustomerTest" tests="4" failures="0" timestamp="22 Jun 2020 12:27:18 GMT" time="37.734" errors="0">
  <testcase name="addCustomerTest" time="9.483" classname="com.capg.testcases.AddCustomerTest"/>
  <testcase name="addCustomerTest" time="9.345" classname="com.capg.testcases.AddCustomerTest"/>
  <testcase name="addCustomerTest" time="9.377" classname="com.capg.testcases.AddCustomerTest"/>
  <testcase name="addCustomerTest" time="9.362" classname="com.capg.testcases.AddCustomerTest"/>
</testsuite> <!-- AddcustomerTest -->
