<?xml version="1.0" encoding="UTF-8"?>
<testng-results skipped="0" failed="0" ignored="0" total="6" passed="6">
  <reporter-output>
    <line>
      <![CDATA[Customer added succesfully]]>
    </line>
    <line>
      <![CDATA[Customer added succesfully]]>
    </line>
    <line>
      <![CDATA[Customer added succesfully]]>
    </line>
    <line>
      <![CDATA[Customer added succesfully]]>
    </line>
  </reporter-output>
  <suite name="Suite" duration-ms="54046" started-at="2020-06-22T11:28:28Z" finished-at="2020-06-22T11:29:22Z">
    <groups>
    </groups>
    <test name="BankmanagerloginTest" duration-ms="5624" started-at="2020-06-22T11:28:28Z" finished-at="2020-06-22T11:28:33Z">
      <class name="com.capg.testcases.BankManagerLoginTest">
        <test-method status="PASS" signature="loginasBankManager()[pri:0, instance:com.capg.testcases.BankManagerLoginTest@505fc5a4]" name="loginasBankManager" duration-ms="5399" started-at="2020-06-22T11:28:28Z" finished-at="2020-06-22T11:28:33Z">
          <reporter-output>
          </reporter-output>
        </test-method> <!-- loginasBankManager -->
      </class> <!-- com.capg.testcases.BankManagerLoginTest -->
    </test> <!-- BankmanagerloginTest -->
    <test name="AddcustomerTest" duration-ms="37679" started-at="2020-06-22T11:28:33Z" finished-at="2020-06-22T11:29:11Z">
      <class name="com.capg.testcases.AddCustomerTest">
        <test-method status="PASS" signature="addCustomerTest(java.util.Hashtable)[pri:0, instance:com.capg.testcases.AddCustomerTest@4738a206]" name="addCustomerTest" duration-ms="9558" started-at="2020-06-22T11:28:34Z" data-provider="dp" finished-at="2020-06-22T11:28:43Z">
          <params>
            <param index="0">
              <value>
                <![CDATA[{alerttext=Customer added successfully , postcode=560102, lastname=Ar, runmode=Y, firstname=Rama}]]>
              </value>
            </param>
          </params>
          <reporter-output>
            <line>
              <![CDATA[Customer added succesfully]]>
            </line>
          </reporter-output>
        </test-method> <!-- addCustomerTest -->
        <test-method status="PASS" signature="addCustomerTest(java.util.Hashtable)[pri:0, instance:com.capg.testcases.AddCustomerTest@4738a206]" name="addCustomerTest" duration-ms="9331" started-at="2020-06-22T11:28:43Z" data-provider="dp" finished-at="2020-06-22T11:28:52Z">
          <params>
            <param index="0">
              <value>
                <![CDATA[{alerttext=Customer added successfully , postcode=560103, lastname=Shetty, runmode=Y, firstname=Shalini}]]>
              </value>
            </param>
          </params>
          <reporter-output>
            <line>
              <![CDATA[Customer added succesfully]]>
            </line>
          </reporter-output>
        </test-method> <!-- addCustomerTest -->
        <test-method status="PASS" signature="addCustomerTest(java.util.Hashtable)[pri:0, instance:com.capg.testcases.AddCustomerTest@4738a206]" name="addCustomerTest" duration-ms="9297" started-at="2020-06-22T11:28:52Z" data-provider="dp" finished-at="2020-06-22T11:29:02Z">
          <params>
            <param index="0">
              <value>
                <![CDATA[{alerttext=Customer added successfully , postcode=560104, lastname=Shetty, runmode=Y, firstname=Nanda}]]>
              </value>
            </param>
          </params>
          <reporter-output>
            <line>
              <![CDATA[Customer added succesfully]]>
            </line>
          </reporter-output>
        </test-method> <!-- addCustomerTest -->
        <test-method status="PASS" signature="addCustomerTest(java.util.Hashtable)[pri:0, instance:com.capg.testcases.AddCustomerTest@4738a206]" name="addCustomerTest" duration-ms="9320" started-at="2020-06-22T11:29:02Z" data-provider="dp" finished-at="2020-06-22T11:29:11Z">
          <params>
            <param index="0">
              <value>
                <![CDATA[{alerttext=Customer added successfully , postcode=560105, lastname=Hegde, runmode=Y, firstname=Medha}]]>
              </value>
            </param>
          </params>
          <reporter-output>
            <line>
              <![CDATA[Customer added succesfully]]>
            </line>
          </reporter-output>
        </test-method> <!-- addCustomerTest -->
      </class> <!-- com.capg.testcases.AddCustomerTest -->
    </test> <!-- AddcustomerTest -->
    <test name="OpenAccounttest" duration-ms="10702" started-at="2020-06-22T11:29:11Z" finished-at="2020-06-22T11:29:22Z">
      <class name="com.capg.testcases.OpenAccountTest">
        <test-method status="PASS" signature="setup()[pri:0, instance:com.capg.testcases.OpenAccountTest@543588e6]" name="setup" is-config="true" duration-ms="24698" started-at="2020-06-22T11:28:03Z" finished-at="2020-06-22T11:28:28Z">
          <reporter-output>
          </reporter-output>
        </test-method> <!-- setup -->
        <test-method status="PASS" signature="openAccountTest(java.util.Hashtable)[pri:0, instance:com.capg.testcases.OpenAccountTest@543588e6]" name="openAccountTest" duration-ms="10679" started-at="2020-06-22T11:29:11Z" data-provider="dp" finished-at="2020-06-22T11:29:22Z">
          <params>
            <param index="0">
              <value>
                <![CDATA[{currency=Rupee, customer=Nanda Shetty}]]>
              </value>
            </param>
          </params>
          <reporter-output>
          </reporter-output>
        </test-method> <!-- openAccountTest -->
        <test-method status="PASS" signature="teardown()[pri:0, instance:com.capg.testcases.OpenAccountTest@543588e6]" name="teardown" is-config="true" duration-ms="3682" started-at="2020-06-22T11:29:22Z" finished-at="2020-06-22T11:29:26Z">
          <reporter-output>
          </reporter-output>
        </test-method> <!-- teardown -->
      </class> <!-- com.capg.testcases.OpenAccountTest -->
    </test> <!-- OpenAccounttest -->
  </suite> <!-- Suite -->
</testng-results>
