<?xml version="1.0" encoding="UTF-8"?>
<testng-results skipped="0" failed="0" ignored="0" total="6" passed="6">
  <reporter-output>
    <line>
      <![CDATA[Customer added succesfully]]>
    </line>
    <line>
      <![CDATA[Customer added succesfully]]>
    </line>
    <line>
      <![CDATA[Customer added succesfully]]>
    </line>
    <line>
      <![CDATA[Customer added succesfully]]>
    </line>
  </reporter-output>
  <suite name="Suite" duration-ms="52181" started-at="2020-06-22T12:26:26Z" finished-at="2020-06-22T12:27:19Z">
    <groups>
    </groups>
    <test name="BankmanagerloginTest" duration-ms="13295" started-at="2020-06-22T12:26:26Z" finished-at="2020-06-22T12:26:40Z">
      <class name="com.capg.testcases.BankManagerLoginTest">
        <test-method status="PASS" signature="loginasBankManager()[pri:0, instance:com.capg.testcases.BankManagerLoginTest@505fc5a4]" name="loginasBankManager" duration-ms="13094" started-at="2020-06-22T12:26:26Z" finished-at="2020-06-22T12:26:40Z">
          <reporter-output>
          </reporter-output>
        </test-method> <!-- loginasBankManager -->
      </class> <!-- com.capg.testcases.BankManagerLoginTest -->
    </test> <!-- BankmanagerloginTest -->
    <test name="AddcustomerTest" duration-ms="37734" started-at="2020-06-22T12:26:40Z" finished-at="2020-06-22T12:27:18Z">
      <class name="com.capg.testcases.AddCustomerTest">
        <test-method status="PASS" signature="addCustomerTest(java.util.Hashtable)[pri:0, instance:com.capg.testcases.AddCustomerTest@4738a206]" name="addCustomerTest" duration-ms="9483" started-at="2020-06-22T12:26:40Z" data-provider="dp" finished-at="2020-06-22T12:26:49Z">
          <params>
            <param index="0">
              <value>
                <![CDATA[{alerttext=Customer added successfully , postcode=560102, lastname=Ar, runmode=Y, firstname=Rama}]]>
              </value>
            </param>
          </params>
          <reporter-output>
            <line>
              <![CDATA[Customer added succesfully]]>
            </line>
          </reporter-output>
        </test-method> <!-- addCustomerTest -->
        <test-method status="PASS" signature="addCustomerTest(java.util.Hashtable)[pri:0, instance:com.capg.testcases.AddCustomerTest@4738a206]" name="addCustomerTest" duration-ms="9345" started-at="2020-06-22T12:26:49Z" data-provider="dp" finished-at="2020-06-22T12:26:59Z">
          <params>
            <param index="0">
              <value>
                <![CDATA[{alerttext=Customer added successfully , postcode=560103, lastname=Shetty, runmode=Y, firstname=Shalini}]]>
              </value>
            </param>
          </params>
          <reporter-output>
            <line>
              <![CDATA[Customer added succesfully]]>
            </line>
          </reporter-output>
        </test-method> <!-- addCustomerTest -->
        <test-method status="PASS" signature="addCustomerTest(java.util.Hashtable)[pri:0, instance:com.capg.testcases.AddCustomerTest@4738a206]" name="addCustomerTest" duration-ms="9377" started-at="2020-06-22T12:26:59Z" data-provider="dp" finished-at="2020-06-22T12:27:08Z">
          <params>
            <param index="0">
              <value>
                <![CDATA[{alerttext=Customer added successfully , postcode=560104, lastname=Shetty, runmode=Y, firstname=Nanda}]]>
              </value>
            </param>
          </params>
          <reporter-output>
            <line>
              <![CDATA[Customer added succesfully]]>
            </line>
          </reporter-output>
        </test-method> <!-- addCustomerTest -->
        <test-method status="PASS" signature="addCustomerTest(java.util.Hashtable)[pri:0, instance:com.capg.testcases.AddCustomerTest@4738a206]" name="addCustomerTest" duration-ms="9362" started-at="2020-06-22T12:27:08Z" data-provider="dp" finished-at="2020-06-22T12:27:17Z">
          <params>
            <param index="0">
              <value>
                <![CDATA[{alerttext=Customer added successfully , postcode=560105, lastname=Hegde, runmode=Y, firstname=Medha}]]>
              </value>
            </param>
          </params>
          <reporter-output>
            <line>
              <![CDATA[Customer added succesfully]]>
            </line>
          </reporter-output>
        </test-method> <!-- addCustomerTest -->
      </class> <!-- com.capg.testcases.AddCustomerTest -->
    </test> <!-- AddcustomerTest -->
    <test name="OpenAccounttest" duration-ms="1133" started-at="2020-06-22T12:27:18Z" finished-at="2020-06-22T12:27:19Z">
      <class name="com.capg.testcases.OpenAccountTest">
        <test-method status="PASS" signature="setup()[pri:0, instance:com.capg.testcases.OpenAccountTest@543588e6]" name="setup" is-config="true" duration-ms="12990" started-at="2020-06-22T12:26:13Z" finished-at="2020-06-22T12:26:26Z">
          <reporter-output>
          </reporter-output>
        </test-method> <!-- setup -->
        <test-method status="PASS" signature="openAccountTest(java.util.Hashtable)[pri:0, instance:com.capg.testcases.OpenAccountTest@543588e6]" name="openAccountTest" duration-ms="1106" started-at="2020-06-22T12:27:18Z" data-provider="dp" finished-at="2020-06-22T12:27:19Z">
          <params>
            <param index="0">
              <value>
                <![CDATA[{currency=Rupee, customer=Nanda Shetty}]]>
              </value>
            </param>
          </params>
          <reporter-output>
          </reporter-output>
        </test-method> <!-- openAccountTest -->
        <test-method status="PASS" signature="teardown()[pri:0, instance:com.capg.testcases.OpenAccountTest@543588e6]" name="teardown" is-config="true" duration-ms="1582" started-at="2020-06-22T12:27:19Z" finished-at="2020-06-22T12:27:20Z">
          <reporter-output>
          </reporter-output>
        </test-method> <!-- teardown -->
      </class> <!-- com.capg.testcases.OpenAccountTest -->
    </test> <!-- OpenAccounttest -->
  </suite> <!-- Suite -->
</testng-results>
