<?xml version="1.0" encoding="UTF-8"?>
<testsuite name="AddcustomerTest"
           tests="4"
           failures="0"
           errors="0"
           skipped="0"
           time="37.567">
  <properties />
  
  
            <testcase name="addCustomerTest" time="9.362" classname="com.capg.testcases.AddCustomerTest" />
                <testcase name="addCustomerTest" time="9.483" classname="com.capg.testcases.AddCustomerTest" />
                <testcase name="addCustomerTest" time="9.345" classname="com.capg.testcases.AddCustomerTest" />
                <testcase name="addCustomerTest" time="9.377" classname="com.capg.testcases.AddCustomerTest" />
      
</testsuite>
